Determining if the pthread_create exist failed with the following output:
Change Dir: /home/rakesh/Projects/ROS_nodelet/nodelet_project/build/catkin_tools_prebuild/CMakeFiles/CMakeTmp

Run Build Command:"/usr/bin/make" "cmTC_67cd4/fast"
/usr/bin/make -f CMakeFiles/cmTC_67cd4.dir/build.make CMakeFiles/cmTC_67cd4.dir/build
make[1]: Entering directory '/home/rakesh/Projects/ROS_nodelet/nodelet_project/build/catkin_tools_prebuild/CMakeFiles/CMakeTmp'
Building C object CMakeFiles/cmTC_67cd4.dir/CheckSymbolExists.c.o
/usr/bin/cc     -o CMakeFiles/cmTC_67cd4.dir/CheckSymbolExists.c.o   -c /home/rakesh/Projects/ROS_nodelet/nodelet_project/build/catkin_tools_prebuild/CMakeFiles/CMakeTmp/CheckSymbolExists.c
Linking C executable cmTC_67cd4
/usr/bin/cmake -E cmake_link_script CMakeFiles/cmTC_67cd4.dir/link.txt --verbose=1
/usr/bin/cc       CMakeFiles/cmTC_67cd4.dir/CheckSymbolExists.c.o  -o cmTC_67cd4 -rdynamic 
CMakeFiles/cmTC_67cd4.dir/CheckSymbolExists.c.o: In function `main':
CheckSymbolExists.c:(.text+0x16): undefined reference to `pthread_create'
collect2: error: ld returned 1 exit status
CMakeFiles/cmTC_67cd4.dir/build.make:97: recipe for target 'cmTC_67cd4' failed
make[1]: *** [cmTC_67cd4] Error 1
make[1]: Leaving directory '/home/rakesh/Projects/ROS_nodelet/nodelet_project/build/catkin_tools_prebuild/CMakeFiles/CMakeTmp'
Makefile:126: recipe for target 'cmTC_67cd4/fast' failed
make: *** [cmTC_67cd4/fast] Error 2

File /home/rakesh/Projects/ROS_nodelet/nodelet_project/build/catkin_tools_prebuild/CMakeFiles/CMakeTmp/CheckSymbolExists.c:
/* */
#include <pthread.h>

int main(int argc, char** argv)
{
  (void)argv;
#ifndef pthread_create
  return ((int*)(&pthread_create))[argc];
#else
  (void)argc;
  return 0;
#endif
}

Determining if the function pthread_create exists in the pthreads failed with the following output:
Change Dir: /home/rakesh/Projects/ROS_nodelet/nodelet_project/build/catkin_tools_prebuild/CMakeFiles/CMakeTmp

Run Build Command:"/usr/bin/make" "cmTC_a0635/fast"
/usr/bin/make -f CMakeFiles/cmTC_a0635.dir/build.make CMakeFiles/cmTC_a0635.dir/build
make[1]: Entering directory '/home/rakesh/Projects/ROS_nodelet/nodelet_project/build/catkin_tools_prebuild/CMakeFiles/CMakeTmp'
Building C object CMakeFiles/cmTC_a0635.dir/CheckFunctionExists.c.o
/usr/bin/cc    -DCHECK_FUNCTION_EXISTS=pthread_create   -o CMakeFiles/cmTC_a0635.dir/CheckFunctionExists.c.o   -c /usr/share/cmake-3.5/Modules/CheckFunctionExists.c
Linking C executable cmTC_a0635
/usr/bin/cmake -E cmake_link_script CMakeFiles/cmTC_a0635.dir/link.txt --verbose=1
/usr/bin/cc   -DCHECK_FUNCTION_EXISTS=pthread_create    CMakeFiles/cmTC_a0635.dir/CheckFunctionExists.c.o  -o cmTC_a0635 -rdynamic -lpthreads 
/usr/bin/ld: cannot find -lpthreads
collect2: error: ld returned 1 exit status
CMakeFiles/cmTC_a0635.dir/build.make:97: recipe for target 'cmTC_a0635' failed
make[1]: *** [cmTC_a0635] Error 1
make[1]: Leaving directory '/home/rakesh/Projects/ROS_nodelet/nodelet_project/build/catkin_tools_prebuild/CMakeFiles/CMakeTmp'
Makefile:126: recipe for target 'cmTC_a0635/fast' failed
make: *** [cmTC_a0635/fast] Error 2


