[  0%] Built target geometry_msgs_generate_messages_cpp
[  0%] Built target std_msgs_generate_messages_eus
[  0%] Built target roscpp_generate_messages_lisp
[  0%] Built target geometry_msgs_generate_messages_nodejs
[  0%] Built target bond_generate_messages_py
[  0%] Built target geometry_msgs_generate_messages_lisp
[  0%] Built target std_msgs_generate_messages_lisp
[  0%] Built target nodelet_generate_messages_lisp
[  0%] Built target std_msgs_generate_messages_py
[  0%] Built target geometry_msgs_generate_messages_eus
[  0%] Built target rosgraph_msgs_generate_messages_cpp
[  0%] Built target sensor_msgs_generate_messages_nodejs
[  0%] Built target nodelet_generate_messages_cpp
[  0%] Built target bond_generate_messages_cpp
[  0%] Built target roscpp_generate_messages_nodejs
[  0%] Built target rosgraph_msgs_generate_messages_lisp
[  0%] Built target rosgraph_msgs_generate_messages_py
[  0%] Built target std_msgs_generate_messages_cpp
[  0%] Built target sensor_msgs_generate_messages_eus
[  0%] Built target sensor_msgs_generate_messages_py
[  0%] Built target std_msgs_generate_messages_nodejs
[  0%] Built target geometry_msgs_generate_messages_py
[  0%] Built target sensor_msgs_generate_messages_cpp
[  0%] Built target sensor_msgs_generate_messages_lisp
[  0%] Built target roscpp_generate_messages_py
[  0%] Built target rosgraph_msgs_generate_messages_eus
[  0%] Built target rosgraph_msgs_generate_messages_nodejs
[  0%] Built target roscpp_generate_messages_cpp
[  0%] Built target nodelet_generate_messages_py
[  0%] Built target nodelet_generate_messages_nodejs
[  0%] Built target roscpp_generate_messages_eus
[  0%] Built target bond_generate_messages_eus
[  0%] Built target bond_generate_messages_lisp
[  0%] Built target nodelet_generate_messages_eus
[  0%] Built target bond_generate_messages_nodejs
[100%] Built target nodelet_webcam
[36mInstall the project...[0m
-- Install configuration: ""
-- Up-to-date: /home/rakesh/Projects/ROS_nodelet/nodelet_project/install/_setup_util.py
-- Up-to-date: /home/rakesh/Projects/ROS_nodelet/nodelet_project/install/env.sh
-- Up-to-date: /home/rakesh/Projects/ROS_nodelet/nodelet_project/install/setup.bash
-- Up-to-date: /home/rakesh/Projects/ROS_nodelet/nodelet_project/install/setup.sh
-- Up-to-date: /home/rakesh/Projects/ROS_nodelet/nodelet_project/install/setup.zsh
-- Up-to-date: /home/rakesh/Projects/ROS_nodelet/nodelet_project/install/.rosinstall
-- Up-to-date: /home/rakesh/Projects/ROS_nodelet/nodelet_project/install/lib/pkgconfig/nodelet_webcam.pc
-- Up-to-date: /home/rakesh/Projects/ROS_nodelet/nodelet_project/install/share/nodelet_webcam/cmake/nodelet_webcamConfig.cmake
-- Up-to-date: /home/rakesh/Projects/ROS_nodelet/nodelet_project/install/share/nodelet_webcam/cmake/nodelet_webcamConfig-version.cmake
-- Up-to-date: /home/rakesh/Projects/ROS_nodelet/nodelet_project/install/share/nodelet_webcam/package.xml
-- Up-to-date: /home/rakesh/Projects/ROS_nodelet/nodelet_project/install/lib/libnodelet_webcam.so
-- Up-to-date: /home/rakesh/Projects/ROS_nodelet/nodelet_project/install/share/nodelet_webcam/nodelet_samp.launch
-- Up-to-date: /home/rakesh/Projects/ROS_nodelet/nodelet_project/install/share/nodelet_webcam/nodelet_samp.xml
