[  0%] Built target roscpp_generate_messages_eus
[  0%] Built target rosgraph_msgs_generate_messages_nodejs
[  0%] Built target rosgraph_msgs_generate_messages_eus
[  0%] Built target roscpp_generate_messages_py
[  0%] Built target sensor_msgs_generate_messages_lisp
[  0%] Built target geometry_msgs_generate_messages_py
[  0%] Built target sensor_msgs_generate_messages_cpp
[  0%] Built target sensor_msgs_generate_messages_py
[  0%] Built target rosgraph_msgs_generate_messages_lisp
[  0%] Built target sensor_msgs_generate_messages_eus
[  0%] Built target rosgraph_msgs_generate_messages_py
[  0%] Built target std_msgs_generate_messages_nodejs
[  0%] Built target roscpp_generate_messages_nodejs
[  0%] Built target sensor_msgs_generate_messages_nodejs
[  0%] Built target geometry_msgs_generate_messages_cpp
[  0%] Built target rosgraph_msgs_generate_messages_cpp
[  0%] Built target std_msgs_generate_messages_cpp
[  0%] Built target roscpp_generate_messages_cpp
[  0%] Built target std_msgs_generate_messages_py
[  0%] Built target geometry_msgs_generate_messages_eus
[  0%] Built target std_msgs_generate_messages_lisp
[  0%] Built target geometry_msgs_generate_messages_lisp
[  0%] Built target geometry_msgs_generate_messages_nodejs
[  0%] Built target roscpp_generate_messages_lisp
[  0%] Built target std_msgs_generate_messages_eus
[35m[1mScanning dependencies of target webcam_node2[0m
[35m[1mScanning dependencies of target webcam_node1[0m
[ 25%] [32mBuilding CXX object CMakeFiles/webcam_node1.dir/src/without_nodelet/webcam_node1.cpp.o[0m
[ 50%] [32mBuilding CXX object CMakeFiles/webcam_node2.dir/src/without_nodelet/webcam_node2.cpp.o[0m
[ 75%] [32m[1mLinking CXX executable /home/rakesh/Projects/ROS_nodelet/nodelet_project/devel/.private/without_nodelet/lib/without_nodelet/webcam_node1[0m
[100%] [32m[1mLinking CXX executable /home/rakesh/Projects/ROS_nodelet/nodelet_project/devel/.private/without_nodelet/lib/without_nodelet/webcam_node2[0m
[100%] Built target webcam_node2
[100%] Built target webcam_node1
